{
  "RSpec": {
    "coverage": {
      "/Users/william/Desktop/Projects/bank/spec/bank_spec.rb": {
        "lines": [
          1,
          null,
          1,
          null,
          1,
          3,
          null,
          null,
          1,
          1,
          null,
          null,
          1,
          1,
          1,
          null,
          null,
          1,
          2,
          null,
          null
        ]
      },
      "/Users/william/Desktop/Projects/bank/lib/bank.rb": {
        "lines": [
          1,
          1,
          null,
          1,
          3,
          null,
          null,
          1,
          2,
          1,
          null,
          1,
          null,
          null,
          null
        ]
      }
    },
    "timestamp": 1632838494
  }
}
