{
  "RSpec": {
    "coverage": {
      "/Users/william/Desktop/Projects/bank/spec/bank_spec.rb": {
        "lines": [
          1,
          null,
          1,
          null,
          1,
          1,
          null,
          null,
          1,
          1,
          1,
          null,
          null,
          1,
          2,
          null,
          null,
          1,
          2,
          null,
          null,
          1,
          2,
          null,
          null,
          1,
          1,
          1,
          1,
          null,
          null,
          1,
          2,
          null,
          null,
          1,
          2,
          null,
          null,
          1,
          2,
          null,
          null,
          null
        ]
      },
      "/Users/william/Desktop/Projects/bank/lib/bank.rb": {
        "lines": [
          1,
          1,
          null,
          1,
          9,
          null,
          null,
          1,
          5,
          2,
          null,
          3,
          null,
          null,
          null,
          1,
          4,
          1,
          null,
          3,
          null,
          null,
          null,
          1,
          null,
          1,
          9,
          6,
          null,
          3,
          null,
          null,
          null,
          1,
          6,
          null,
          null,
          null
        ]
      }
    },
    "timestamp": 1632840584
  }
}
